0 info it worked if it ends with ok
1 verbose cli [ '/usr/local/bin/node',
1 verbose cli   '/usr/local/bin/npm',
1 verbose cli   'install',
1 verbose cli   '-g',
1 verbose cli   'nw' ]
2 info using npm@2.11.2
3 info using node@v0.12.5
4 verbose install initial load of /usr/local/lib/package.json
5 verbose readDependencies loading dependencies from /usr/local/lib/package.json
6 silly cache add args [ 'nw', null ]
7 verbose cache add spec nw
8 silly cache add parsed spec { raw: 'nw',
8 silly cache add   scope: null,
8 silly cache add   name: 'nw',
8 silly cache add   rawSpec: '',
8 silly cache add   spec: '*',
8 silly cache add   type: 'range' }
9 silly addNamed nw@*
10 verbose addNamed "*" is a valid semver range for nw
11 silly addNameRange { name: 'nw', range: '*', hasData: false }
12 silly mapToRegistry name nw
13 silly mapToRegistry using default registry
14 silly mapToRegistry registry https://registry.npmjs.org/
15 silly mapToRegistry uri https://registry.npmjs.org/nw
16 verbose addNameRange registry:https://registry.npmjs.org/nw not in flight; fetching
17 verbose request uri https://registry.npmjs.org/nw
18 verbose request no auth needed
19 info attempt registry request try #1 at 20:19:21
20 verbose request using bearer token for auth
21 verbose request id b87168d2ba11dee3
22 http request GET https://registry.npmjs.org/nw
23 info retry will retry, error on last attempt: Error: connect ETIMEDOUT
24 info attempt registry request try #2 at 20:20:47
25 verbose request using bearer token for auth
26 http request GET https://registry.npmjs.org/nw
27 info retry will retry, error on last attempt: Error: connect ETIMEDOUT
28 info attempt registry request try #3 at 20:23:02
29 verbose request using bearer token for auth
30 http request GET https://registry.npmjs.org/nw
31 http 200 https://registry.npmjs.org/nw
32 silly get cb [ 200,
32 silly get   { server: 'CouchDB/1.5.0 (Erlang OTP/R16B03)',
32 silly get     etag: '"DXC3CBZVKKD02QOS778MQ35DV"',
32 silly get     'content-type': 'application/json',
32 silly get     'cache-control': 'max-age=300',
32 silly get     'content-length': '23181',
32 silly get     'accept-ranges': 'bytes',
32 silly get     date: 'Sat, 12 Dec 2015 12:23:04 GMT',
32 silly get     via: '1.1 varnish',
32 silly get     connection: 'keep-alive',
32 silly get     'x-served-by': 'cache-lcy1121-LCY',
32 silly get     'x-cache': 'MISS',
32 silly get     'x-cache-hits': '0',
32 silly get     'x-timer': 'S1449922984.068281,VS0,VE501',
32 silly get     vary: 'Accept' } ]
33 verbose get saving nw to /Users/luozhong/.npm/registry.npmjs.org/nw/.cache.json
34 silly addNameRange number 2 { name: 'nw', range: '*', hasData: true }
35 silly addNameRange versions [ 'nw',
35 silly addNameRange   [ '0.12.0-alpha1',
35 silly addNameRange     '0.12.0-alpha2',
35 silly addNameRange     '0.12.0-alpha3',
35 silly addNameRange     '0.12.0-rc1',
35 silly addNameRange     '0.12.0',
35 silly addNameRange     '0.12.0-1',
35 silly addNameRange     '0.12.1',
35 silly addNameRange     '0.12.2',
35 silly addNameRange     '0.12.3',
35 silly addNameRange     '0.13.0-alpha4sdk',
35 silly addNameRange     '0.13.0-alpha5sdk',
35 silly addNameRange     '0.13.0-alpha6sdk',
35 silly addNameRange     '0.13.0-alpha7sdk' ] ]
36 silly addNamed nw@0.12.3
37 verbose addNamed "0.12.3" is a plain semver version for nw
38 silly mapToRegistry name nw
39 silly mapToRegistry using default registry
40 silly mapToRegistry registry https://registry.npmjs.org/
41 silly mapToRegistry uri https://registry.npmjs.org/nw
42 verbose addRemoteTarball https://registry.npmjs.org/nw/-/nw-0.12.3.tgz not in flight; adding
43 verbose addRemoteTarball [ 'https://registry.npmjs.org/nw/-/nw-0.12.3.tgz',
43 verbose addRemoteTarball   'a06f348bfec0b43484492627605b18eed618703e' ]
44 info retry fetch attempt 1 at 20:23:05
45 info attempt registry request try #1 at 20:23:05
46 http fetch GET https://registry.npmjs.org/nw/-/nw-0.12.3.tgz
47 verbose request using bearer token for auth
48 http fetch 200 https://registry.npmjs.org/nw/-/nw-0.12.3.tgz
49 silly fetchAndShaCheck shasum a06f348bfec0b43484492627605b18eed618703e
50 verbose addTmpTarball /var/folders/hq/m30kczf967v7skrz7gvg071r0000gn/T/npm-36745-782042ad/registry.npmjs.org/nw/-/nw-0.12.3.tgz not in flight; adding
51 verbose addTmpTarball already have metadata; skipping unpack for nw@0.12.3
52 silly cache afterAdd nw@0.12.3
53 verbose afterAdd /Users/luozhong/.npm/nw/0.12.3/package/package.json not in flight; writing
54 verbose afterAdd /Users/luozhong/.npm/nw/0.12.3/package/package.json written
55 silly install resolved [ { name: 'nw',
55 silly install resolved     version: '0.12.3',
55 silly install resolved     description: 'A installer for nw.js',
55 silly install resolved     repository: { type: 'git', url: 'git://github.com/nwjs/npm-installer.git' },
55 silly install resolved     main: 'index.js',
55 silly install resolved     bin: { nw: 'bin/nw' },
55 silly install resolved     scripts:
55 silly install resolved      { postinstall: 'node scripts/install.js',
55 silly install resolved        test: 'node test/index.js' },
55 silly install resolved     files: [ 'lib', 'bin', 'scripts', 'index.js' ],
55 silly install resolved     author: { name: 'Kyle Robinson Young' },
55 silly install resolved     license: 'MIT',
55 silly install resolved     dependencies:
55 silly install resolved      { decompress: '^2.2.1',
55 silly install resolved        download: '^3.3.0',
55 silly install resolved        'file-exists': '^0.1.1',
55 silly install resolved        merge: '^1.2.0',
55 silly install resolved        multimeter: '^0.1.1',
55 silly install resolved        rimraf: '^2.2.8',
55 silly install resolved        semver: '^4.3.0',
55 silly install resolved        yargs: '^3.2.1',
55 silly install resolved        chalk: '~1.0.0' },
55 silly install resolved     devDependencies: { request: '^2.53.0', tape: '^3.5.0' },
55 silly install resolved     keywords:
55 silly install resolved      [ 'nw',
55 silly install resolved        'nw.js',
55 silly install resolved        'nwjs',
55 silly install resolved        'chromium',
55 silly install resolved        'io.js',
55 silly install resolved        'node-webkit',
55 silly install resolved        'webkit',
55 silly install resolved        'installer',
55 silly install resolved        'desktop',
55 silly install resolved        'application' ],
55 silly install resolved     gitHead: '064944f4734b6d629fffc55ad9a5bbca512eeae7',
55 silly install resolved     bugs: { url: 'https://github.com/nwjs/npm-installer/issues' },
55 silly install resolved     homepage: 'https://github.com/nwjs/npm-installer#readme',
55 silly install resolved     _id: 'nw@0.12.3',
55 silly install resolved     _shasum: 'a06f348bfec0b43484492627605b18eed618703e',
55 silly install resolved     _from: 'nw@*',
55 silly install resolved     _npmVersion: '2.12.1',
55 silly install resolved     _nodeVersion: '2.3.4',
55 silly install resolved     _npmUser: { name: 'shama', email: 'kyle@dontkry.com' },
55 silly install resolved     maintainers: [ [Object], [Object] ],
55 silly install resolved     dist:
55 silly install resolved      { shasum: 'a06f348bfec0b43484492627605b18eed618703e',
55 silly install resolved        tarball: 'http://registry.npmjs.org/nw/-/nw-0.12.3.tgz' },
55 silly install resolved     directories: {},
55 silly install resolved     _resolved: 'https://registry.npmjs.org/nw/-/nw-0.12.3.tgz' } ]
56 info install nw@0.12.3 into /usr/local/lib
57 info installOne nw@0.12.3
58 verbose installOne of nw to /usr/local/lib not in flight; installing
59 verbose lock using /Users/luozhong/.npm/_locks/nw-3d3025e27bc7c533.lock for /usr/local/lib/node_modules/nw
60 silly install write writing nw 0.12.3 to /usr/local/lib/node_modules/nw
61 verbose unbuild lib/node_modules/nw
62 silly gentlyRm /usr/local/lib/node_modules/nw is being purged from base /usr/local
63 verbose gentlyRm don't care about contents; nuking /usr/local/lib/node_modules/nw
64 verbose tar unpack /Users/luozhong/.npm/nw/0.12.3/package.tgz
65 verbose tar unpacking to /usr/local/lib/node_modules/nw
66 silly gentlyRm /usr/local/lib/node_modules/nw is being purged
67 verbose gentlyRm don't care about contents; nuking /usr/local/lib/node_modules/nw
68 silly gunzTarPerm modes [ '755', '644' ]
69 error tar.unpack untar error /Users/luozhong/.npm/nw/0.12.3/package.tgz
70 verbose unlock done using /Users/luozhong/.npm/_locks/nw-3d3025e27bc7c533.lock for /usr/local/lib/node_modules/nw
71 verbose fstream_path /usr/local/lib/node_modules/nw
72 verbose fstream_type Directory
73 verbose fstream_class DirWriter
74 verbose stack Error: EACCES, mkdir '/usr/local/lib/node_modules/nw'
74 verbose stack     at Error (native)
75 verbose fstream_stack /usr/local/lib/node_modules/npm/node_modules/fstream/lib/dir-writer.js:35:25
75 verbose fstream_stack /usr/local/lib/node_modules/npm/node_modules/mkdirp/index.js:47:53
75 verbose fstream_stack FSReqWrap.oncomplete (fs.js:95:15)
76 verbose cwd /Users/luozhong/Documents/crawlerText
77 error Darwin 14.5.0
78 error argv "/usr/local/bin/node" "/usr/local/bin/npm" "install" "-g" "nw"
79 error node v0.12.5
80 error npm  v2.11.2
81 error path /usr/local/lib/node_modules/nw
82 error code EACCES
83 error errno -13
84 error Error: EACCES, mkdir '/usr/local/lib/node_modules/nw'
84 error     at Error (native)
84 error  { [Error: EACCES, mkdir '/usr/local/lib/node_modules/nw']
84 error   errno: -13,
84 error   code: 'EACCES',
84 error   path: '/usr/local/lib/node_modules/nw',
84 error   fstream_type: 'Directory',
84 error   fstream_path: '/usr/local/lib/node_modules/nw',
84 error   fstream_class: 'DirWriter',
84 error   fstream_stack:
84 error    [ '/usr/local/lib/node_modules/npm/node_modules/fstream/lib/dir-writer.js:35:25',
84 error      '/usr/local/lib/node_modules/npm/node_modules/mkdirp/index.js:47:53',
84 error      'FSReqWrap.oncomplete (fs.js:95:15)' ] }
85 error Please try running this command again as root/Administrator.
86 verbose exit [ -13, true ]
87 verbose unbuild lib/node_modules/nw
88 silly gentlyRm /usr/local/lib/node_modules/nw is being purged from base /usr/local
89 verbose gentlyRm don't care about contents; nuking /usr/local/lib/node_modules/nw
